<?xml version="1.0" encoding="UTF-8"?>
<coverage generated="1744034990322" clover="3.2.0">
  <project timestamp="1744034990322" name="All files">
    <metrics statements="105" coveredstatements="87" conditionals="43" coveredconditionals="28" methods="24" coveredmethods="23" elements="172" coveredelements="138" complexity="0" loc="105" ncloc="105" packages="2" files="7" classes="7"/>
    <package name="src">
      <metrics statements="68" coveredstatements="50" conditionals="30" coveredconditionals="16" methods="11" coveredmethods="10"/>
      <file name="App.jsx" path="C:\Users\pc\Desktop\CareerFoundry\MeetUp\meet\src\App.jsx">
        <metrics statements="14" coveredstatements="14" conditionals="2" coveredconditionals="2" methods="4" coveredmethods="4"/>
        <line num="7" count="5" type="stmt"/>
        <line num="8" count="43" type="stmt"/>
        <line num="9" count="39" type="stmt"/>
        <line num="10" count="39" type="stmt"/>
        <line num="11" count="39" type="stmt"/>
        <line num="13" count="39" type="stmt"/>
        <line num="14" count="22" type="stmt"/>
        <line num="15" count="22" type="stmt"/>
        <line num="17" count="22" type="cond" truecount="2" falsecount="0"/>
        <line num="19" count="20" type="stmt"/>
        <line num="20" count="22" type="stmt"/>
        <line num="21" count="22" type="stmt"/>
        <line num="23" count="22" type="stmt"/>
        <line num="26" count="39" type="stmt"/>
      </file>
      <file name="api.js" path="C:\Users\pc\Desktop\CareerFoundry\MeetUp\meet\src\api.js">
        <metrics statements="53" coveredstatements="35" conditionals="28" coveredconditionals="14" methods="7" coveredmethods="6"/>
        <line num="6" count="5" type="stmt"/>
        <line num="7" count="223" type="stmt"/>
        <line num="8" count="23" type="stmt"/>
        <line num="9" count="23" type="stmt"/>
        <line num="15" count="5" type="stmt"/>
        <line num="16" count="27" type="cond" truecount="2" falsecount="0"/>
        <line num="17" count="25" type="cond" truecount="1" falsecount="1"/>
        <line num="19" count="2" type="stmt"/>
        <line num="21" count="0" type="cond" truecount="0" falsecount="2"/>
        <line num="22" count="0" type="stmt"/>
        <line num="23" count="0" type="stmt"/>
        <line num="24" count="0" type="stmt"/>
        <line num="25" count="0" type="stmt"/>
        <line num="26" count="0" type="cond" truecount="0" falsecount="4"/>
        <line num="27" count="0" type="stmt"/>
        <line num="29" count="0" type="stmt"/>
        <line num="30" count="0" type="stmt"/>
        <line num="33" count="0" type="stmt"/>
        <line num="36" count="5" type="stmt"/>
        <line num="38" count="0" type="cond" truecount="0" falsecount="4"/>
        <line num="39" count="0" type="stmt"/>
        <line num="44" count="0" type="stmt"/>
        <line num="46" count="0" type="stmt"/>
        <line num="47" count="0" type="stmt"/>
        <line num="51" count="5" type="stmt"/>
        <line num="52" count="1" type="stmt"/>
        <line num="55" count="1" type="stmt"/>
        <line num="56" count="1" type="stmt"/>
        <line num="59" count="5" type="stmt"/>
        <line num="60" count="1" type="stmt"/>
        <line num="61" count="1" type="stmt"/>
        <line num="63" count="1" type="stmt"/>
        <line num="66" count="1" type="cond" truecount="1" falsecount="1"/>
        <line num="67" count="1" type="stmt"/>
        <line num="69" count="0" type="stmt"/>
        <line num="70" count="0" type="cond" truecount="0" falsecount="2"/>
        <line num="71" count="0" type="stmt"/>
        <line num="73" count="1" type="stmt"/>
        <line num="74" count="1" type="stmt"/>
        <line num="78" count="5" type="stmt"/>
        <line num="79" count="5" type="stmt"/>
        <line num="81" count="5" type="cond" truecount="2" falsecount="0"/>
        <line num="83" count="5" type="cond" truecount="4" falsecount="0"/>
        <line num="84" count="4" type="stmt"/>
        <line num="85" count="4" type="stmt"/>
        <line num="86" count="4" type="stmt"/>
        <line num="87" count="4" type="cond" truecount="2" falsecount="0"/>
        <line num="88" count="3" type="stmt"/>
        <line num="91" count="3" type="stmt"/>
        <line num="92" count="3" type="stmt"/>
        <line num="93" count="3" type="stmt"/>
        <line num="95" count="1" type="cond" truecount="2" falsecount="0"/>
        <line num="97" count="1" type="stmt"/>
      </file>
      <file name="mock-data.js" path="C:\Users\pc\Desktop\CareerFoundry\MeetUp\meet\src\mock-data.js">
        <metrics statements="1" coveredstatements="1" conditionals="0" coveredconditionals="0" methods="0" coveredmethods="0"/>
        <line num="1" count="7" type="stmt"/>
      </file>
    </package>
    <package name="src.components">
      <metrics statements="37" coveredstatements="37" conditionals="13" coveredconditionals="12" methods="13" coveredmethods="13"/>
      <file name="CitySearch.jsx" path="C:\Users\pc\Desktop\CareerFoundry\MeetUp\meet\src\components\CitySearch.jsx">
        <metrics statements="22" coveredstatements="22" conditionals="4" coveredconditionals="3" methods="7" coveredmethods="7"/>
        <line num="3" count="6" type="stmt"/>
        <line num="4" count="81" type="stmt"/>
        <line num="5" count="81" type="stmt"/>
        <line num="6" count="81" type="stmt"/>
        <line num="8" count="81" type="stmt"/>
        <line num="9" count="28" type="stmt"/>
        <line num="10" count="28" type="stmt"/>
        <line num="12" count="28" type="stmt"/>
        <line num="13" count="252" type="stmt"/>
        <line num="15" count="28" type="stmt"/>
        <line num="16" count="28" type="stmt"/>
        <line num="19" count="81" type="stmt"/>
        <line num="20" count="5" type="stmt"/>
        <line num="21" count="5" type="cond" truecount="1" falsecount="1"/>
        <line num="22" count="5" type="stmt"/>
        <line num="23" count="5" type="stmt"/>
        <line num="24" count="5" type="stmt"/>
        <line num="27" count="81" type="stmt"/>
        <line num="28" count="40" type="stmt"/>
        <line num="29" count="4" type="stmt"/>
        <line num="32" count="81" type="stmt"/>
        <line num="45" count="27" type="stmt"/>
      </file>
      <file name="Event.jsx" path="C:\Users\pc\Desktop\CareerFoundry\MeetUp\meet\src\components\Event.jsx">
        <metrics statements="5" coveredstatements="5" conditionals="4" coveredconditionals="4" methods="2" coveredmethods="2"/>
        <line num="3" count="6" type="stmt"/>
        <line num="4" count="169" type="stmt"/>
        <line num="6" count="169" type="stmt"/>
        <line num="7" count="4" type="stmt"/>
        <line num="10" count="169" type="stmt"/>
      </file>
      <file name="EventList.jsx" path="C:\Users\pc\Desktop\CareerFoundry\MeetUp\meet\src\components\EventList.jsx">
        <metrics statements="3" coveredstatements="3" conditionals="3" coveredconditionals="3" methods="2" coveredmethods="2"/>
        <line num="4" count="5" type="cond" truecount="1" falsecount="0"/>
        <line num="5" count="47" type="stmt"/>
        <line num="8" count="158" type="stmt"/>
      </file>
      <file name="NumberOfEvents.jsx" path="C:\Users\pc\Desktop\CareerFoundry\MeetUp\meet\src\components\NumberOfEvents.jsx">
        <metrics statements="7" coveredstatements="7" conditionals="2" coveredconditionals="2" methods="2" coveredmethods="2"/>
        <line num="3" count="6" type="stmt"/>
        <line num="4" count="46" type="stmt"/>
        <line num="5" count="46" type="stmt"/>
        <line num="6" count="8" type="cond" truecount="2" falsecount="0"/>
        <line num="7" count="8" type="stmt"/>
        <line num="8" count="8" type="stmt"/>
        <line num="11" count="46" type="stmt"/>
      </file>
    </package>
  </project>
</coverage>
