<?xml version="1.0" encoding="UTF-8"?>
<coverage generated="1743932818381" clover="3.2.0">
  <project timestamp="1743932818382" name="All files">
    <metrics statements="104" coveredstatements="86" conditionals="43" coveredconditionals="28" methods="24" coveredmethods="23" elements="171" coveredelements="137" complexity="0" loc="104" ncloc="104" packages="2" files="7" classes="7"/>
    <package name="src">
      <metrics statements="67" coveredstatements="49" conditionals="30" coveredconditionals="16" methods="11" coveredmethods="10"/>
      <file name="App.jsx" path="C:\Users\pc\Desktop\CareerFoundry\MeetUp\meet\src\App.jsx">
        <metrics statements="14" coveredstatements="14" conditionals="2" coveredconditionals="2" methods="4" coveredmethods="4"/>
        <line num="7" count="2" type="stmt"/>
        <line num="8" count="15" type="stmt"/>
        <line num="9" count="14" type="stmt"/>
        <line num="10" count="14" type="stmt"/>
        <line num="11" count="14" type="stmt"/>
        <line num="13" count="14" type="stmt"/>
        <line num="14" count="10" type="stmt"/>
        <line num="15" count="10" type="stmt"/>
        <line num="17" count="10" type="cond" truecount="2" falsecount="0"/>
        <line num="19" count="3" type="stmt"/>
        <line num="20" count="10" type="stmt"/>
        <line num="21" count="10" type="stmt"/>
        <line num="23" count="10" type="stmt"/>
        <line num="26" count="14" type="stmt"/>
      </file>
      <file name="api.js" path="C:\Users\pc\Desktop\CareerFoundry\MeetUp\meet\src\api.js">
        <metrics statements="52" coveredstatements="34" conditionals="28" coveredconditionals="14" methods="7" coveredmethods="6"/>
        <line num="6" count="2" type="stmt"/>
        <line num="7" count="33" type="stmt"/>
        <line num="8" count="11" type="stmt"/>
        <line num="9" count="11" type="stmt"/>
        <line num="15" count="2" type="stmt"/>
        <line num="16" count="14" type="cond" truecount="2" falsecount="0"/>
        <line num="17" count="12" type="cond" truecount="1" falsecount="1"/>
        <line num="19" count="2" type="stmt"/>
        <line num="21" count="0" type="cond" truecount="0" falsecount="2"/>
        <line num="22" count="0" type="stmt"/>
        <line num="23" count="0" type="stmt"/>
        <line num="24" count="0" type="stmt"/>
        <line num="25" count="0" type="stmt"/>
        <line num="26" count="0" type="cond" truecount="0" falsecount="4"/>
        <line num="27" count="0" type="stmt"/>
        <line num="29" count="0" type="stmt"/>
        <line num="30" count="0" type="stmt"/>
        <line num="33" count="0" type="stmt"/>
        <line num="36" count="2" type="stmt"/>
        <line num="38" count="0" type="cond" truecount="0" falsecount="4"/>
        <line num="39" count="0" type="stmt"/>
        <line num="44" count="0" type="stmt"/>
        <line num="46" count="0" type="stmt"/>
        <line num="47" count="0" type="stmt"/>
        <line num="51" count="2" type="stmt"/>
        <line num="52" count="1" type="stmt"/>
        <line num="55" count="1" type="stmt"/>
        <line num="56" count="1" type="stmt"/>
        <line num="59" count="2" type="stmt"/>
        <line num="60" count="1" type="stmt"/>
        <line num="61" count="1" type="stmt"/>
        <line num="63" count="1" type="stmt"/>
        <line num="66" count="1" type="cond" truecount="1" falsecount="1"/>
        <line num="67" count="1" type="stmt"/>
        <line num="69" count="0" type="stmt"/>
        <line num="70" count="0" type="cond" truecount="0" falsecount="2"/>
        <line num="71" count="0" type="stmt"/>
        <line num="73" count="1" type="stmt"/>
        <line num="77" count="2" type="stmt"/>
        <line num="78" count="5" type="stmt"/>
        <line num="80" count="5" type="cond" truecount="2" falsecount="0"/>
        <line num="82" count="5" type="cond" truecount="4" falsecount="0"/>
        <line num="83" count="4" type="stmt"/>
        <line num="84" count="4" type="stmt"/>
        <line num="85" count="4" type="stmt"/>
        <line num="86" count="4" type="cond" truecount="2" falsecount="0"/>
        <line num="87" count="3" type="stmt"/>
        <line num="88" count="3" type="stmt"/>
        <line num="89" count="3" type="stmt"/>
        <line num="90" count="3" type="stmt"/>
        <line num="92" count="1" type="cond" truecount="2" falsecount="0"/>
        <line num="94" count="1" type="stmt"/>
      </file>
      <file name="mock-data.js" path="C:\Users\pc\Desktop\CareerFoundry\MeetUp\meet\src\mock-data.js">
        <metrics statements="1" coveredstatements="1" conditionals="0" coveredconditionals="0" methods="0" coveredmethods="0"/>
        <line num="1" count="4" type="stmt"/>
      </file>
    </package>
    <package name="src.components">
      <metrics statements="37" coveredstatements="37" conditionals="13" coveredconditionals="12" methods="13" coveredmethods="13"/>
      <file name="CitySearch.jsx" path="C:\Users\pc\Desktop\CareerFoundry\MeetUp\meet\src\components\CitySearch.jsx">
        <metrics statements="22" coveredstatements="22" conditionals="4" coveredconditionals="3" methods="7" coveredmethods="7"/>
        <line num="3" count="3" type="stmt"/>
        <line num="4" count="34" type="stmt"/>
        <line num="5" count="34" type="stmt"/>
        <line num="6" count="34" type="stmt"/>
        <line num="8" count="34" type="stmt"/>
        <line num="9" count="13" type="stmt"/>
        <line num="10" count="13" type="stmt"/>
        <line num="12" count="13" type="stmt"/>
        <line num="13" count="39" type="stmt"/>
        <line num="15" count="13" type="stmt"/>
        <line num="16" count="13" type="stmt"/>
        <line num="19" count="34" type="stmt"/>
        <line num="20" count="2" type="stmt"/>
        <line num="21" count="2" type="cond" truecount="1" falsecount="1"/>
        <line num="22" count="2" type="stmt"/>
        <line num="23" count="2" type="stmt"/>
        <line num="24" count="2" type="stmt"/>
        <line num="27" count="34" type="stmt"/>
        <line num="28" count="6" type="stmt"/>
        <line num="29" count="2" type="stmt"/>
        <line num="32" count="34" type="stmt"/>
        <line num="45" count="13" type="stmt"/>
      </file>
      <file name="Event.jsx" path="C:\Users\pc\Desktop\CareerFoundry\MeetUp\meet\src\components\Event.jsx">
        <metrics statements="5" coveredstatements="5" conditionals="4" coveredconditionals="4" methods="2" coveredmethods="2"/>
        <line num="3" count="3" type="stmt"/>
        <line num="4" count="25" type="stmt"/>
        <line num="6" count="25" type="stmt"/>
        <line num="7" count="4" type="stmt"/>
        <line num="10" count="25" type="stmt"/>
      </file>
      <file name="EventList.jsx" path="C:\Users\pc\Desktop\CareerFoundry\MeetUp\meet\src\components\EventList.jsx">
        <metrics statements="3" coveredstatements="3" conditionals="3" coveredconditionals="3" methods="2" coveredmethods="2"/>
        <line num="4" count="2" type="cond" truecount="1" falsecount="0"/>
        <line num="5" count="22" type="stmt"/>
        <line num="8" count="15" type="stmt"/>
      </file>
      <file name="NumberOfEvents.jsx" path="C:\Users\pc\Desktop\CareerFoundry\MeetUp\meet\src\components\NumberOfEvents.jsx">
        <metrics statements="7" coveredstatements="7" conditionals="2" coveredconditionals="2" methods="2" coveredmethods="2"/>
        <line num="3" count="3" type="stmt"/>
        <line num="4" count="19" type="stmt"/>
        <line num="6" count="19" type="stmt"/>
        <line num="7" count="4" type="cond" truecount="2" falsecount="0"/>
        <line num="8" count="4" type="stmt"/>
        <line num="9" count="4" type="stmt"/>
        <line num="12" count="19" type="stmt"/>
      </file>
    </package>
  </project>
</coverage>
