{"C:\\Users\\pc\\Desktop\\CareerFoundry\\MeetUp\\meet\\src\\App.jsx": {"path":"C:\\Users\\pc\\Desktop\\CareerFoundry\\MeetUp\\meet\\src\\App.jsx","statementMap":{"0":{"start":{"line":7,"column":12},"end":{"line":23,"column":1}},"1":{"start":{"line":8,"column":46},"end":{"line":8,"column":58}},"2":{"start":{"line":9,"column":30},"end":{"line":9,"column":73}},"3":{"start":{"line":11,"column":29},"end":{"line":14,"column":3}},"4":{"start":{"line":12,"column":4},"end":{"line":12,"column":30}},"5":{"start":{"line":13,"column":4},"end":{"line":13,"column":41}},"6":{"start":{"line":16,"column":2},"end":{"line":22,"column":4}}},"fnMap":{"0":{"name":"(anonymous_0)","decl":{"start":{"line":7,"column":12},"end":{"line":7,"column":13}},"loc":{"start":{"line":7,"column":18},"end":{"line":23,"column":1}},"line":7},"1":{"name":"(anonymous_1)","decl":{"start":{"line":11,"column":29},"end":{"line":11,"column":30}},"loc":{"start":{"line":11,"column":41},"end":{"line":14,"column":3}},"line":11}},"branchMap":{},"s":{"0":1,"1":7,"2":7,"3":7,"4":2,"5":2,"6":7},"f":{"0":7,"1":2},"b":{},"_coverageSchema":"1a1c01bbd47fc00a2c39e90264f33305004495a9","hash":"ba0e6bcce96696c06abd1ea45b534486762bfdc7"}
,"C:\\Users\\pc\\Desktop\\CareerFoundry\\MeetUp\\meet\\src\\api.js": {"path":"C:\\Users\\pc\\Desktop\\CareerFoundry\\MeetUp\\meet\\src\\api.js","statementMap":{"0":{"start":{"line":11,"column":32},"end":{"line":15,"column":1}},"1":{"start":{"line":12,"column":29},"end":{"line":12,"column":66}},"2":{"start":{"line":12,"column":51},"end":{"line":12,"column":65}},"3":{"start":{"line":13,"column":20},"end":{"line":13,"column":52}},"4":{"start":{"line":14,"column":2},"end":{"line":14,"column":19}},"5":{"start":{"line":21,"column":25},"end":{"line":23,"column":1}},"6":{"start":{"line":22,"column":2},"end":{"line":22,"column":18}}},"fnMap":{"0":{"name":"(anonymous_0)","decl":{"start":{"line":11,"column":32},"end":{"line":11,"column":33}},"loc":{"start":{"line":11,"column":44},"end":{"line":15,"column":1}},"line":11},"1":{"name":"(anonymous_1)","decl":{"start":{"line":12,"column":40},"end":{"line":12,"column":41}},"loc":{"start":{"line":12,"column":51},"end":{"line":12,"column":65}},"line":12},"2":{"name":"(anonymous_2)","decl":{"start":{"line":21,"column":25},"end":{"line":21,"column":26}},"loc":{"start":{"line":21,"column":37},"end":{"line":23,"column":1}},"line":21}},"branchMap":{},"s":{"0":3,"1":1,"2":3,"3":1,"4":1,"5":3,"6":1},"f":{"0":1,"1":3,"2":1},"b":{},"_coverageSchema":"1a1c01bbd47fc00a2c39e90264f33305004495a9","hash":"eee667ade008d0bc96cf54333962cd43b1757d99"}
,"C:\\Users\\pc\\Desktop\\CareerFoundry\\MeetUp\\meet\\src\\mock-data.js": {"path":"C:\\Users\\pc\\Desktop\\CareerFoundry\\MeetUp\\meet\\src\\mock-data.js","statementMap":{"0":{"start":{"line":1,"column":17},"end":{"line":29,"column":1}}},"fnMap":{},"branchMap":{},"s":{"0":4},"f":{},"b":{},"_coverageSchema":"1a1c01bbd47fc00a2c39e90264f33305004495a9","hash":"484251916ba31db87aacdfcf7e18aca26c60fef8"}
,"C:\\Users\\pc\\Desktop\\CareerFoundry\\MeetUp\\meet\\src\\components\\CitySearch.jsx": {"path":"C:\\Users\\pc\\Desktop\\CareerFoundry\\MeetUp\\meet\\src\\components\\CitySearch.jsx","statementMap":{"0":{"start":{"line":3,"column":19},"end":{"line":48,"column":1}},"1":{"start":{"line":4,"column":28},"end":{"line":4,"column":40}},"2":{"start":{"line":5,"column":40},"end":{"line":5,"column":52}},"3":{"start":{"line":7,"column":28},"end":{"line":16,"column":3}},"4":{"start":{"line":8,"column":18},"end":{"line":8,"column":36}},"5":{"start":{"line":9,"column":4},"end":{"line":9,"column":20}},"6":{"start":{"line":11,"column":32},"end":{"line":13,"column":5}},"7":{"start":{"line":12,"column":6},"end":{"line":12,"column":58}},"8":{"start":{"line":15,"column":4},"end":{"line":15,"column":40}},"9":{"start":{"line":18,"column":27},"end":{"line":20,"column":3}},"10":{"start":{"line":19,"column":4},"end":{"line":19,"column":33}},"11":{"start":{"line":22,"column":2},"end":{"line":47,"column":4}},"12":{"start":{"line":37,"column":16},"end":{"line":37,"column":49}}},"fnMap":{"0":{"name":"(anonymous_0)","decl":{"start":{"line":3,"column":19},"end":{"line":3,"column":20}},"loc":{"start":{"line":3,"column":41},"end":{"line":48,"column":1}},"line":3},"1":{"name":"(anonymous_1)","decl":{"start":{"line":7,"column":28},"end":{"line":7,"column":29}},"loc":{"start":{"line":7,"column":39},"end":{"line":16,"column":3}},"line":7},"2":{"name":"(anonymous_2)","decl":{"start":{"line":11,"column":52},"end":{"line":11,"column":53}},"loc":{"start":{"line":12,"column":6},"end":{"line":12,"column":58}},"line":12},"3":{"name":"(anonymous_3)","decl":{"start":{"line":18,"column":27},"end":{"line":18,"column":28}},"loc":{"start":{"line":18,"column":33},"end":{"line":20,"column":3}},"line":18},"4":{"name":"(anonymous_4)","decl":{"start":{"line":36,"column":31},"end":{"line":36,"column":32}},"loc":{"start":{"line":37,"column":16},"end":{"line":37,"column":49}},"line":37}},"branchMap":{"0":{"loc":{"start":{"line":32,"column":7},"end":{"line":45,"column":14}},"type":"cond-expr","locations":[{"start":{"line":33,"column":8},"end":{"line":44,"column":13}},{"start":{"line":45,"column":10},"end":{"line":45,"column":14}}],"line":32},"1":{"loc":{"start":{"line":32,"column":7},"end":{"line":32,"column":38}},"type":"binary-expr","locations":[{"start":{"line":32,"column":7},"end":{"line":32,"column":29}},{"start":{"line":32,"column":33},"end":{"line":32,"column":38}}],"line":32},"2":{"loc":{"start":{"line":34,"column":11},"end":{"line":43,"column":11}},"type":"cond-expr","locations":[{"start":{"line":35,"column":12},"end":{"line":40,"column":15}},{"start":{"line":42,"column":12},"end":{"line":42,"column":45}}],"line":34}},"s":{"0":2,"1":46,"2":46,"3":46,"4":27,"5":27,"6":27,"7":81,"8":27,"9":46,"10":4,"11":46,"12":27},"f":{"0":46,"1":27,"2":81,"3":4,"4":27},"b":{"0":[31,15],"1":[46,29],"2":[17,14]},"_coverageSchema":"1a1c01bbd47fc00a2c39e90264f33305004495a9","hash":"3b59bc5a9c838f3a2ce8aeb266d677e331dbe67e"}
,"C:\\Users\\pc\\Desktop\\CareerFoundry\\MeetUp\\meet\\src\\components\\Event.jsx": {"path":"C:\\Users\\pc\\Desktop\\CareerFoundry\\MeetUp\\meet\\src\\components\\Event.jsx","statementMap":{"0":{"start":{"line":3,"column":14},"end":{"line":27,"column":1}},"1":{"start":{"line":4,"column":40},"end":{"line":4,"column":55}},"2":{"start":{"line":6,"column":30},"end":{"line":8,"column":3}},"3":{"start":{"line":7,"column":4},"end":{"line":7,"column":33}},"4":{"start":{"line":10,"column":2},"end":{"line":26,"column":4}}},"fnMap":{"0":{"name":"(anonymous_0)","decl":{"start":{"line":3,"column":14},"end":{"line":3,"column":15}},"loc":{"start":{"line":3,"column":29},"end":{"line":27,"column":1}},"line":3},"1":{"name":"(anonymous_1)","decl":{"start":{"line":6,"column":30},"end":{"line":6,"column":31}},"loc":{"start":{"line":6,"column":36},"end":{"line":8,"column":3}},"line":6}},"branchMap":{"0":{"loc":{"start":{"line":14,"column":7},"end":{"line":21,"column":7}},"type":"binary-expr","locations":[{"start":{"line":14,"column":7},"end":{"line":14,"column":18}},{"start":{"line":15,"column":8},"end":{"line":20,"column":11}}],"line":14},"1":{"loc":{"start":{"line":23,"column":9},"end":{"line":23,"column":54}},"type":"cond-expr","locations":[{"start":{"line":23,"column":23},"end":{"line":23,"column":37}},{"start":{"line":23,"column":40},"end":{"line":23,"column":54}}],"line":23}},"s":{"0":4,"1":33,"2":33,"3":4,"4":33},"f":{"0":33,"1":4},"b":{"0":[33,3],"1":[3,30]},"_coverageSchema":"1a1c01bbd47fc00a2c39e90264f33305004495a9","hash":"2eeb29baf14a2694944c5a16d0be5ea3fd14c3d4"}
,"C:\\Users\\pc\\Desktop\\CareerFoundry\\MeetUp\\meet\\src\\components\\EventList.jsx": {"path":"C:\\Users\\pc\\Desktop\\CareerFoundry\\MeetUp\\meet\\src\\components\\EventList.jsx","statementMap":{"0":{"start":{"line":4,"column":18},"end":{"line":12,"column":1}},"1":{"start":{"line":5,"column":2},"end":{"line":11,"column":4}},"2":{"start":{"line":8,"column":32},"end":{"line":8,"column":70}}},"fnMap":{"0":{"name":"(anonymous_0)","decl":{"start":{"line":4,"column":18},"end":{"line":4,"column":19}},"loc":{"start":{"line":4,"column":34},"end":{"line":12,"column":1}},"line":4},"1":{"name":"(anonymous_1)","decl":{"start":{"line":8,"column":21},"end":{"line":8,"column":22}},"loc":{"start":{"line":8,"column":32},"end":{"line":8,"column":70}},"line":8}},"branchMap":{"0":{"loc":{"start":{"line":7,"column":7},"end":{"line":9,"column":14}},"type":"cond-expr","locations":[{"start":{"line":8,"column":10},"end":{"line":8,"column":71}},{"start":{"line":9,"column":10},"end":{"line":9,"column":14}}],"line":7}},"s":{"0":3,"1":15,"2":23},"f":{"0":15,"1":23},"b":{"0":[14,1]},"_coverageSchema":"1a1c01bbd47fc00a2c39e90264f33305004495a9","hash":"9f05d273769fa6adca0ba202264135a9253f3936"}
,"C:\\Users\\pc\\Desktop\\CareerFoundry\\MeetUp\\meet\\src\\components\\NumberOfEvents.jsx": {"path":"C:\\Users\\pc\\Desktop\\CareerFoundry\\MeetUp\\meet\\src\\components\\NumberOfEvents.jsx","statementMap":{"0":{"start":{"line":3,"column":23},"end":{"line":26,"column":1}},"1":{"start":{"line":4,"column":30},"end":{"line":4,"column":42}},"2":{"start":{"line":6,"column":28},"end":{"line":10,"column":3}},"3":{"start":{"line":7,"column":18},"end":{"line":7,"column":55}},"4":{"start":{"line":8,"column":4},"end":{"line":8,"column":21}},"5":{"start":{"line":9,"column":4},"end":{"line":9,"column":26}},"6":{"start":{"line":12,"column":2},"end":{"line":25,"column":4}}},"fnMap":{"0":{"name":"(anonymous_0)","decl":{"start":{"line":3,"column":23},"end":{"line":3,"column":24}},"loc":{"start":{"line":3,"column":47},"end":{"line":26,"column":1}},"line":3},"1":{"name":"(anonymous_1)","decl":{"start":{"line":6,"column":28},"end":{"line":6,"column":29}},"loc":{"start":{"line":6,"column":39},"end":{"line":10,"column":3}},"line":6}},"branchMap":{"0":{"loc":{"start":{"line":7,"column":18},"end":{"line":7,"column":55}},"type":"binary-expr","locations":[{"start":{"line":7,"column":18},"end":{"line":7,"column":50}},{"start":{"line":7,"column":54},"end":{"line":7,"column":55}}],"line":7}},"s":{"0":2,"1":14,"2":14,"3":6,"4":6,"5":6,"6":14},"f":{"0":14,"1":6},"b":{"0":[6,1]},"_coverageSchema":"1a1c01bbd47fc00a2c39e90264f33305004495a9","hash":"430f1023d08afc0450197e3cf27c5461cde54bc8"}
}
