{"C:\\Users\\pc\\Desktop\\CareerFoundry\\MeetUp\\meet\\src\\App.jsx": {"path":"C:\\Users\\pc\\Desktop\\CareerFoundry\\MeetUp\\meet\\src\\App.jsx","statementMap":{"0":{"start":{"line":8,"column":42},"end":{"line":8,"column":54}},"1":{"start":{"line":9,"column":38},"end":{"line":9,"column":50}},"2":{"start":{"line":10,"column":30},"end":{"line":10,"column":42}},"3":{"start":{"line":11,"column":40},"end":{"line":11,"column":66}},"4":{"start":{"line":12,"column":36},"end":{"line":12,"column":48}},"5":{"start":{"line":13,"column":38},"end":{"line":13,"column":50}},"6":{"start":{"line":15,"column":2},"end":{"line":26,"column":32}},"7":{"start":{"line":16,"column":22},"end":{"line":24,"column":5}},"8":{"start":{"line":17,"column":24},"end":{"line":17,"column":41}},"9":{"start":{"line":19,"column":8},"end":{"line":21,"column":71}},"10":{"start":{"line":21,"column":40},"end":{"line":21,"column":70}},"11":{"start":{"line":22,"column":6},"end":{"line":22,"column":53}},"12":{"start":{"line":23,"column":6},"end":{"line":23,"column":51}},"13":{"start":{"line":25,"column":4},"end":{"line":25,"column":16}},"14":{"start":{"line":28,"column":2},"end":{"line":46,"column":4}}},"fnMap":{"0":{"name":"App","decl":{"start":{"line":7,"column":9},"end":{"line":7,"column":12}},"loc":{"start":{"line":7,"column":15},"end":{"line":47,"column":1}},"line":7},"1":{"name":"(anonymous_1)","decl":{"start":{"line":15,"column":12},"end":{"line":15,"column":13}},"loc":{"start":{"line":15,"column":18},"end":{"line":26,"column":3}},"line":15},"2":{"name":"(anonymous_2)","decl":{"start":{"line":16,"column":22},"end":{"line":16,"column":23}},"loc":{"start":{"line":16,"column":34},"end":{"line":24,"column":5}},"line":16},"3":{"name":"(anonymous_3)","decl":{"start":{"line":21,"column":29},"end":{"line":21,"column":30}},"loc":{"start":{"line":21,"column":40},"end":{"line":21,"column":70}},"line":21}},"branchMap":{"0":{"loc":{"start":{"line":19,"column":8},"end":{"line":21,"column":71}},"type":"cond-expr","locations":[{"start":{"line":20,"column":12},"end":{"line":20,"column":21}},{"start":{"line":21,"column":12},"end":{"line":21,"column":71}}],"line":19},"1":{"loc":{"start":{"line":32,"column":9},"end":{"line":32,"column":65}},"type":"cond-expr","locations":[{"start":{"line":32,"column":28},"end":{"line":32,"column":58}},{"start":{"line":32,"column":61},"end":{"line":32,"column":65}}],"line":32},"2":{"loc":{"start":{"line":33,"column":9},"end":{"line":33,"column":68}},"type":"cond-expr","locations":[{"start":{"line":33,"column":29},"end":{"line":33,"column":61}},{"start":{"line":33,"column":64},"end":{"line":33,"column":68}}],"line":33}},"s":{"0":42,"1":38,"2":38,"3":38,"4":38,"5":38,"6":38,"7":22,"8":22,"9":22,"10":64,"11":22,"12":22,"13":22,"14":38},"f":{"0":42,"1":22,"2":22,"3":64},"b":{"0":[20,2],"1":[0,38],"2":[3,35]},"_coverageSchema":"1a1c01bbd47fc00a2c39e90264f33305004495a9","hash":"a6d14332ced6a1b10c4c6d1a4007a7ad1ea1f417"}
,"C:\\Users\\pc\\Desktop\\CareerFoundry\\MeetUp\\meet\\src\\api.js": {"path":"C:\\Users\\pc\\Desktop\\CareerFoundry\\MeetUp\\meet\\src\\api.js","statementMap":{"0":{"start":{"line":6,"column":32},"end":{"line":10,"column":1}},"1":{"start":{"line":7,"column":29},"end":{"line":7,"column":66}},"2":{"start":{"line":7,"column":51},"end":{"line":7,"column":65}},"3":{"start":{"line":8,"column":20},"end":{"line":8,"column":52}},"4":{"start":{"line":9,"column":2},"end":{"line":9,"column":19}},"5":{"start":{"line":15,"column":25},"end":{"line":34,"column":1}},"6":{"start":{"line":16,"column":2},"end":{"line":18,"column":3}},"7":{"start":{"line":17,"column":4},"end":{"line":17,"column":26}},"8":{"start":{"line":19,"column":16},"end":{"line":19,"column":38}},"9":{"start":{"line":21,"column":2},"end":{"line":32,"column":3}},"10":{"start":{"line":22,"column":4},"end":{"line":22,"column":18}},"11":{"start":{"line":23,"column":16},"end":{"line":23,"column":103}},"12":{"start":{"line":24,"column":21},"end":{"line":24,"column":37}},"13":{"start":{"line":25,"column":19},"end":{"line":25,"column":40}},"14":{"start":{"line":26,"column":4},"end":{"line":31,"column":5}},"15":{"start":{"line":27,"column":6},"end":{"line":27,"column":27}},"16":{"start":{"line":29,"column":6},"end":{"line":29,"column":55}},"17":{"start":{"line":30,"column":6},"end":{"line":30,"column":16}},"18":{"start":{"line":33,"column":2},"end":{"line":33,"column":12}},"19":{"start":{"line":36,"column":20},"end":{"line":49,"column":1}},"20":{"start":{"line":38,"column":2},"end":{"line":48,"column":3}},"21":{"start":{"line":39,"column":4},"end":{"line":43,"column":31}},"22":{"start":{"line":44,"column":4},"end":{"line":44,"column":45}},"23":{"start":{"line":46,"column":4},"end":{"line":46,"column":68}},"24":{"start":{"line":47,"column":4},"end":{"line":47,"column":45}},"25":{"start":{"line":51,"column":19},"end":{"line":57,"column":1}},"26":{"start":{"line":52,"column":19},"end":{"line":54,"column":3}},"27":{"start":{"line":55,"column":17},"end":{"line":55,"column":38}},"28":{"start":{"line":56,"column":2},"end":{"line":56,"column":16}},"29":{"start":{"line":59,"column":17},"end":{"line":76,"column":1}},"30":{"start":{"line":60,"column":2},"end":{"line":75,"column":3}},"31":{"start":{"line":61,"column":23},"end":{"line":61,"column":47}},"32":{"start":{"line":63,"column":21},"end":{"line":65,"column":5}},"33":{"start":{"line":66,"column":4},"end":{"line":68,"column":5}},"34":{"start":{"line":67,"column":6},"end":{"line":67,"column":64}},"35":{"start":{"line":69,"column":29},"end":{"line":69,"column":50}},"36":{"start":{"line":70,"column":4},"end":{"line":70,"column":71}},"37":{"start":{"line":71,"column":4},"end":{"line":71,"column":24}},"38":{"start":{"line":73,"column":4},"end":{"line":73,"column":58}},"39":{"start":{"line":74,"column":4},"end":{"line":74,"column":16}},"40":{"start":{"line":78,"column":30},"end":{"line":98,"column":1}},"41":{"start":{"line":79,"column":22},"end":{"line":79,"column":58}},"42":{"start":{"line":81,"column":21},"end":{"line":81,"column":67}},"43":{"start":{"line":83,"column":2},"end":{"line":96,"column":3}},"44":{"start":{"line":84,"column":4},"end":{"line":84,"column":50}},"45":{"start":{"line":85,"column":25},"end":{"line":85,"column":68}},"46":{"start":{"line":86,"column":17},"end":{"line":86,"column":47}},"47":{"start":{"line":87,"column":4},"end":{"line":94,"column":5}},"48":{"start":{"line":88,"column":23},"end":{"line":90,"column":7}},"49":{"start":{"line":91,"column":21},"end":{"line":91,"column":42}},"50":{"start":{"line":92,"column":26},"end":{"line":92,"column":32}},"51":{"start":{"line":93,"column":6},"end":{"line":93,"column":46}},"52":{"start":{"line":95,"column":4},"end":{"line":95,"column":34}},"53":{"start":{"line":97,"column":2},"end":{"line":97,"column":21}}},"fnMap":{"0":{"name":"(anonymous_0)","decl":{"start":{"line":6,"column":32},"end":{"line":6,"column":33}},"loc":{"start":{"line":6,"column":44},"end":{"line":10,"column":1}},"line":6},"1":{"name":"(anonymous_1)","decl":{"start":{"line":7,"column":40},"end":{"line":7,"column":41}},"loc":{"start":{"line":7,"column":51},"end":{"line":7,"column":65}},"line":7},"2":{"name":"(anonymous_2)","decl":{"start":{"line":15,"column":25},"end":{"line":15,"column":26}},"loc":{"start":{"line":15,"column":37},"end":{"line":34,"column":1}},"line":15},"3":{"name":"(anonymous_3)","decl":{"start":{"line":36,"column":20},"end":{"line":36,"column":21}},"loc":{"start":{"line":36,"column":26},"end":{"line":49,"column":1}},"line":36},"4":{"name":"(anonymous_4)","decl":{"start":{"line":51,"column":19},"end":{"line":51,"column":20}},"loc":{"start":{"line":51,"column":42},"end":{"line":57,"column":1}},"line":51},"5":{"name":"(anonymous_5)","decl":{"start":{"line":59,"column":17},"end":{"line":59,"column":18}},"loc":{"start":{"line":59,"column":33},"end":{"line":76,"column":1}},"line":59},"6":{"name":"(anonymous_6)","decl":{"start":{"line":78,"column":30},"end":{"line":78,"column":31}},"loc":{"start":{"line":78,"column":42},"end":{"line":98,"column":1}},"line":78}},"branchMap":{"0":{"loc":{"start":{"line":16,"column":2},"end":{"line":18,"column":3}},"type":"if","locations":[{"start":{"line":16,"column":2},"end":{"line":18,"column":3}},{"start":{},"end":{}}],"line":16},"1":{"loc":{"start":{"line":17,"column":11},"end":{"line":17,"column":25}},"type":"binary-expr","locations":[{"start":{"line":17,"column":11},"end":{"line":17,"column":19}},{"start":{"line":17,"column":23},"end":{"line":17,"column":25}}],"line":17},"2":{"loc":{"start":{"line":21,"column":2},"end":{"line":32,"column":3}},"type":"if","locations":[{"start":{"line":21,"column":2},"end":{"line":32,"column":3}},{"start":{},"end":{}}],"line":21},"3":{"loc":{"start":{"line":26,"column":4},"end":{"line":31,"column":5}},"type":"if","locations":[{"start":{"line":26,"column":4},"end":{"line":31,"column":5}},{"start":{"line":28,"column":11},"end":{"line":31,"column":5}}],"line":26},"4":{"loc":{"start":{"line":26,"column":8},"end":{"line":26,"column":31}},"type":"binary-expr","locations":[{"start":{"line":26,"column":8},"end":{"line":26,"column":14}},{"start":{"line":26,"column":18},"end":{"line":26,"column":31}}],"line":26},"5":{"loc":{"start":{"line":38,"column":2},"end":{"line":48,"column":3}},"type":"if","locations":[{"start":{"line":38,"column":2},"end":{"line":48,"column":3}},{"start":{"line":45,"column":9},"end":{"line":48,"column":3}}],"line":38},"6":{"loc":{"start":{"line":38,"column":6},"end":{"line":38,"column":58}},"type":"binary-expr","locations":[{"start":{"line":38,"column":6},"end":{"line":38,"column":30}},{"start":{"line":38,"column":34},"end":{"line":38,"column":58}}],"line":38},"7":{"loc":{"start":{"line":66,"column":4},"end":{"line":68,"column":5}},"type":"if","locations":[{"start":{"line":66,"column":4},"end":{"line":68,"column":5}},{"start":{},"end":{}}],"line":66},"8":{"loc":{"start":{"line":70,"column":4},"end":{"line":70,"column":70}},"type":"binary-expr","locations":[{"start":{"line":70,"column":4},"end":{"line":70,"column":16}},{"start":{"line":70,"column":20},"end":{"line":70,"column":70}}],"line":70},"9":{"loc":{"start":{"line":81,"column":21},"end":{"line":81,"column":67}},"type":"binary-expr","locations":[{"start":{"line":81,"column":21},"end":{"line":81,"column":32}},{"start":{"line":81,"column":37},"end":{"line":81,"column":66}}],"line":81},"10":{"loc":{"start":{"line":83,"column":2},"end":{"line":96,"column":3}},"type":"if","locations":[{"start":{"line":83,"column":2},"end":{"line":96,"column":3}},{"start":{},"end":{}}],"line":83},"11":{"loc":{"start":{"line":83,"column":6},"end":{"line":83,"column":38}},"type":"binary-expr","locations":[{"start":{"line":83,"column":6},"end":{"line":83,"column":18}},{"start":{"line":83,"column":22},"end":{"line":83,"column":38}}],"line":83},"12":{"loc":{"start":{"line":87,"column":4},"end":{"line":94,"column":5}},"type":"if","locations":[{"start":{"line":87,"column":4},"end":{"line":94,"column":5}},{"start":{},"end":{}}],"line":87},"13":{"loc":{"start":{"line":95,"column":11},"end":{"line":95,"column":33}},"type":"binary-expr","locations":[{"start":{"line":95,"column":11},"end":{"line":95,"column":15}},{"start":{"line":95,"column":19},"end":{"line":95,"column":33}}],"line":95}},"s":{"0":4,"1":22,"2":704,"3":22,"4":22,"5":4,"6":24,"7":24,"8":0,"9":0,"10":0,"11":0,"12":0,"13":0,"14":0,"15":0,"16":0,"17":0,"18":0,"19":4,"20":0,"21":0,"22":0,"23":0,"24":0,"25":4,"26":0,"27":0,"28":0,"29":4,"30":0,"31":0,"32":0,"33":0,"34":0,"35":0,"36":0,"37":0,"38":0,"39":0,"40":4,"41":0,"42":0,"43":0,"44":0,"45":0,"46":0,"47":0,"48":0,"49":0,"50":0,"51":0,"52":0,"53":0},"f":{"0":22,"1":704,"2":24,"3":0,"4":0,"5":0,"6":0},"b":{"0":[24,0],"1":[24,0],"2":[0,0],"3":[0,0],"4":[0,0],"5":[0,0],"6":[0,0],"7":[0,0],"8":[0,0],"9":[0,0],"10":[0,0],"11":[0,0],"12":[0,0],"13":[0,0]},"_coverageSchema":"1a1c01bbd47fc00a2c39e90264f33305004495a9","hash":"9f88c776ac421979d853f2da9d560a0bdf23d068"}
,"C:\\Users\\pc\\Desktop\\CareerFoundry\\MeetUp\\meet\\src\\mock-data.js": {"path":"C:\\Users\\pc\\Desktop\\CareerFoundry\\MeetUp\\meet\\src\\mock-data.js","statementMap":{"0":{"start":{"line":1,"column":17},"end":{"line":291,"column":1}}},"fnMap":{},"branchMap":{},"s":{"0":6},"f":{},"b":{},"_coverageSchema":"1a1c01bbd47fc00a2c39e90264f33305004495a9","hash":"cf2722c81d9f1e1b7e8d7aa47d9d4064c46154a9"}
,"C:\\Users\\pc\\Desktop\\CareerFoundry\\MeetUp\\meet\\src\\components\\Alert.jsx": {"path":"C:\\Users\\pc\\Desktop\\CareerFoundry\\MeetUp\\meet\\src\\components\\Alert.jsx","statementMap":{"0":{"start":{"line":5,"column":4},"end":{"line":5,"column":17}},"1":{"start":{"line":6,"column":4},"end":{"line":6,"column":22}},"2":{"start":{"line":7,"column":4},"end":{"line":7,"column":24}},"3":{"start":{"line":10,"column":13},"end":{"line":24,"column":3}},"4":{"start":{"line":11,"column":4},"end":{"line":23,"column":6}},"5":{"start":{"line":27,"column":4},"end":{"line":31,"column":6}},"6":{"start":{"line":37,"column":4},"end":{"line":37,"column":17}},"7":{"start":{"line":38,"column":4},"end":{"line":38,"column":34}},"8":{"start":{"line":39,"column":4},"end":{"line":39,"column":40}},"9":{"start":{"line":45,"column":4},"end":{"line":45,"column":17}},"10":{"start":{"line":46,"column":4},"end":{"line":46,"column":34}},"11":{"start":{"line":47,"column":4},"end":{"line":47,"column":40}}},"fnMap":{"0":{"name":"(anonymous_0)","decl":{"start":{"line":4,"column":2},"end":{"line":4,"column":3}},"loc":{"start":{"line":4,"column":21},"end":{"line":8,"column":3}},"line":4},"1":{"name":"(anonymous_1)","decl":{"start":{"line":10,"column":13},"end":{"line":10,"column":14}},"loc":{"start":{"line":10,"column":19},"end":{"line":24,"column":3}},"line":10},"2":{"name":"(anonymous_2)","decl":{"start":{"line":26,"column":2},"end":{"line":26,"column":3}},"loc":{"start":{"line":26,"column":11},"end":{"line":32,"column":3}},"line":26},"3":{"name":"(anonymous_3)","decl":{"start":{"line":36,"column":2},"end":{"line":36,"column":3}},"loc":{"start":{"line":36,"column":21},"end":{"line":40,"column":3}},"line":36},"4":{"name":"(anonymous_4)","decl":{"start":{"line":44,"column":2},"end":{"line":44,"column":3}},"loc":{"start":{"line":44,"column":21},"end":{"line":48,"column":3}},"line":44}},"branchMap":{},"s":{"0":1,"1":1,"2":1,"3":1,"4":3,"5":3,"6":0,"7":0,"8":0,"9":1,"10":1,"11":1},"f":{"0":1,"1":3,"2":3,"3":0,"4":1},"b":{},"_coverageSchema":"1a1c01bbd47fc00a2c39e90264f33305004495a9","hash":"0207c2cb94bee446782a1bd92263343a9b86ac17"}
,"C:\\Users\\pc\\Desktop\\CareerFoundry\\MeetUp\\meet\\src\\components\\CitySearch.jsx": {"path":"C:\\Users\\pc\\Desktop\\CareerFoundry\\MeetUp\\meet\\src\\components\\CitySearch.jsx","statementMap":{"0":{"start":{"line":3,"column":19},"end":{"line":71,"column":1}},"1":{"start":{"line":4,"column":28},"end":{"line":4,"column":40}},"2":{"start":{"line":5,"column":40},"end":{"line":5,"column":52}},"3":{"start":{"line":6,"column":48},"end":{"line":6,"column":63}},"4":{"start":{"line":8,"column":28},"end":{"line":27,"column":3}},"5":{"start":{"line":9,"column":18},"end":{"line":9,"column":36}},"6":{"start":{"line":10,"column":4},"end":{"line":10,"column":20}},"7":{"start":{"line":12,"column":32},"end":{"line":14,"column":5}},"8":{"start":{"line":13,"column":6},"end":{"line":13,"column":58}},"9":{"start":{"line":15,"column":4},"end":{"line":15,"column":40}},"10":{"start":{"line":16,"column":4},"end":{"line":16,"column":29}},"11":{"start":{"line":20,"column":4},"end":{"line":25,"column":5}},"12":{"start":{"line":21,"column":6},"end":{"line":22,"column":80}},"13":{"start":{"line":24,"column":6},"end":{"line":24,"column":20}},"14":{"start":{"line":26,"column":4},"end":{"line":26,"column":27}},"15":{"start":{"line":29,"column":28},"end":{"line":36,"column":3}},"16":{"start":{"line":30,"column":18},"end":{"line":30,"column":42}},"17":{"start":{"line":31,"column":4},"end":{"line":31,"column":23}},"18":{"start":{"line":31,"column":16},"end":{"line":31,"column":23}},"19":{"start":{"line":32,"column":4},"end":{"line":32,"column":20}},"20":{"start":{"line":33,"column":4},"end":{"line":33,"column":30}},"21":{"start":{"line":34,"column":4},"end":{"line":34,"column":26}},"22":{"start":{"line":35,"column":4},"end":{"line":35,"column":21}},"23":{"start":{"line":38,"column":27},"end":{"line":40,"column":3}},"24":{"start":{"line":39,"column":4},"end":{"line":39,"column":33}},"25":{"start":{"line":42,"column":2},"end":{"line":70,"column":4}},"26":{"start":{"line":55,"column":12},"end":{"line":57,"column":17}}},"fnMap":{"0":{"name":"(anonymous_0)","decl":{"start":{"line":3,"column":19},"end":{"line":3,"column":20}},"loc":{"start":{"line":3,"column":71},"end":{"line":71,"column":1}},"line":3},"1":{"name":"(anonymous_1)","decl":{"start":{"line":8,"column":28},"end":{"line":8,"column":29}},"loc":{"start":{"line":8,"column":39},"end":{"line":27,"column":3}},"line":8},"2":{"name":"(anonymous_2)","decl":{"start":{"line":12,"column":52},"end":{"line":12,"column":53}},"loc":{"start":{"line":13,"column":6},"end":{"line":13,"column":58}},"line":13},"3":{"name":"(anonymous_3)","decl":{"start":{"line":29,"column":28},"end":{"line":29,"column":29}},"loc":{"start":{"line":29,"column":39},"end":{"line":36,"column":3}},"line":29},"4":{"name":"(anonymous_4)","decl":{"start":{"line":38,"column":27},"end":{"line":38,"column":28}},"loc":{"start":{"line":38,"column":33},"end":{"line":40,"column":3}},"line":38},"5":{"name":"(anonymous_5)","decl":{"start":{"line":54,"column":27},"end":{"line":54,"column":28}},"loc":{"start":{"line":55,"column":12},"end":{"line":57,"column":17}},"line":55}},"branchMap":{"0":{"loc":{"start":{"line":20,"column":4},"end":{"line":25,"column":5}},"type":"if","locations":[{"start":{"line":20,"column":4},"end":{"line":25,"column":5}},{"start":{"line":23,"column":11},"end":{"line":25,"column":5}}],"line":20},"1":{"loc":{"start":{"line":31,"column":4},"end":{"line":31,"column":23}},"type":"if","locations":[{"start":{"line":31,"column":4},"end":{"line":31,"column":23}},{"start":{},"end":{}}],"line":31},"2":{"loc":{"start":{"line":52,"column":7},"end":{"line":63,"column":7}},"type":"binary-expr","locations":[{"start":{"line":52,"column":7},"end":{"line":52,"column":22}},{"start":{"line":52,"column":26},"end":{"line":52,"column":48}},{"start":{"line":53,"column":8},"end":{"line":62,"column":13}}],"line":52},"3":{"loc":{"start":{"line":64,"column":7},"end":{"line":68,"column":7}},"type":"binary-expr","locations":[{"start":{"line":64,"column":7},"end":{"line":64,"column":22}},{"start":{"line":64,"column":26},"end":{"line":64,"column":50}},{"start":{"line":65,"column":8},"end":{"line":67,"column":12}}],"line":64}},"s":{"0":6,"1":80,"2":80,"3":80,"4":80,"5":28,"6":28,"7":28,"8":780,"9":28,"10":28,"11":28,"12":1,"13":27,"14":28,"15":80,"16":5,"17":5,"18":0,"19":5,"20":5,"21":5,"22":5,"23":80,"24":4,"25":80,"26":63},"f":{"0":80,"1":28,"2":780,"3":5,"4":4,"5":63},"b":{"0":[1,27],"1":[0,5],"2":[80,28,27],"3":[80,28,1]},"_coverageSchema":"1a1c01bbd47fc00a2c39e90264f33305004495a9","hash":"2819576a18eb2a43c45c09821b4419987d1680c7"}
,"C:\\Users\\pc\\Desktop\\CareerFoundry\\MeetUp\\meet\\src\\components\\Event.jsx": {"path":"C:\\Users\\pc\\Desktop\\CareerFoundry\\MeetUp\\meet\\src\\components\\Event.jsx","statementMap":{"0":{"start":{"line":3,"column":14},"end":{"line":31,"column":1}},"1":{"start":{"line":4,"column":40},"end":{"line":4,"column":55}},"2":{"start":{"line":6,"column":30},"end":{"line":8,"column":3}},"3":{"start":{"line":7,"column":4},"end":{"line":7,"column":33}},"4":{"start":{"line":10,"column":2},"end":{"line":30,"column":4}}},"fnMap":{"0":{"name":"(anonymous_0)","decl":{"start":{"line":3,"column":14},"end":{"line":3,"column":15}},"loc":{"start":{"line":3,"column":29},"end":{"line":31,"column":1}},"line":3},"1":{"name":"(anonymous_1)","decl":{"start":{"line":6,"column":30},"end":{"line":6,"column":31}},"loc":{"start":{"line":6,"column":36},"end":{"line":8,"column":3}},"line":6}},"branchMap":{"0":{"loc":{"start":{"line":14,"column":7},"end":{"line":25,"column":7}},"type":"binary-expr","locations":[{"start":{"line":14,"column":7},"end":{"line":14,"column":18}},{"start":{"line":15,"column":8},"end":{"line":24,"column":14}}],"line":14},"1":{"loc":{"start":{"line":27,"column":9},"end":{"line":27,"column":54}},"type":"cond-expr","locations":[{"start":{"line":27,"column":23},"end":{"line":27,"column":37}},{"start":{"line":27,"column":40},"end":{"line":27,"column":54}}],"line":27}},"s":{"0":6,"1":446,"2":446,"3":7,"4":446},"f":{"0":446,"1":7},"b":{"0":[446,5],"1":[5,441]},"_coverageSchema":"1a1c01bbd47fc00a2c39e90264f33305004495a9","hash":"dde9013bad024af373f84f9b5075f0f7f1841234"}
,"C:\\Users\\pc\\Desktop\\CareerFoundry\\MeetUp\\meet\\src\\components\\EventList.jsx": {"path":"C:\\Users\\pc\\Desktop\\CareerFoundry\\MeetUp\\meet\\src\\components\\EventList.jsx","statementMap":{"0":{"start":{"line":4,"column":18},"end":{"line":14,"column":1}},"1":{"start":{"line":5,"column":2},"end":{"line":13,"column":4}},"2":{"start":{"line":8,"column":30},"end":{"line":8,"column":68}}},"fnMap":{"0":{"name":"(anonymous_0)","decl":{"start":{"line":4,"column":18},"end":{"line":4,"column":19}},"loc":{"start":{"line":4,"column":39},"end":{"line":14,"column":1}},"line":4},"1":{"name":"(anonymous_1)","decl":{"start":{"line":8,"column":19},"end":{"line":8,"column":20}},"loc":{"start":{"line":8,"column":30},"end":{"line":8,"column":68}},"line":8}},"branchMap":{"0":{"loc":{"start":{"line":4,"column":21},"end":{"line":4,"column":32}},"type":"default-arg","locations":[{"start":{"line":4,"column":30},"end":{"line":4,"column":32}}],"line":4},"1":{"loc":{"start":{"line":7,"column":7},"end":{"line":11,"column":7}},"type":"cond-expr","locations":[{"start":{"line":8,"column":8},"end":{"line":8,"column":69}},{"start":{"line":10,"column":8},"end":{"line":10,"column":36}}],"line":7}},"s":{"0":5,"1":46,"2":432},"f":{"0":46,"1":432},"b":{"0":[1],"1":[19,27]},"_coverageSchema":"1a1c01bbd47fc00a2c39e90264f33305004495a9","hash":"a7bafd1ed48bf8ac2cf234d94c129a819b8fbd9c"}
,"C:\\Users\\pc\\Desktop\\CareerFoundry\\MeetUp\\meet\\src\\components\\NumberOfEvents.jsx": {"path":"C:\\Users\\pc\\Desktop\\CareerFoundry\\MeetUp\\meet\\src\\components\\NumberOfEvents.jsx","statementMap":{"0":{"start":{"line":3,"column":23},"end":{"line":34,"column":1}},"1":{"start":{"line":4,"column":30},"end":{"line":4,"column":42}},"2":{"start":{"line":6,"column":28},"end":{"line":18,"column":3}},"3":{"start":{"line":7,"column":18},"end":{"line":7,"column":36}},"4":{"start":{"line":9,"column":4},"end":{"line":15,"column":5}},"5":{"start":{"line":11,"column":6},"end":{"line":11,"column":70}},"6":{"start":{"line":14,"column":6},"end":{"line":14,"column":24}},"7":{"start":{"line":16,"column":4},"end":{"line":16,"column":21}},"8":{"start":{"line":17,"column":4},"end":{"line":17,"column":26}},"9":{"start":{"line":20,"column":2},"end":{"line":33,"column":4}}},"fnMap":{"0":{"name":"(anonymous_0)","decl":{"start":{"line":3,"column":23},"end":{"line":3,"column":24}},"loc":{"start":{"line":3,"column":62},"end":{"line":34,"column":1}},"line":3},"1":{"name":"(anonymous_1)","decl":{"start":{"line":6,"column":28},"end":{"line":6,"column":29}},"loc":{"start":{"line":6,"column":39},"end":{"line":18,"column":3}},"line":6}},"branchMap":{"0":{"loc":{"start":{"line":9,"column":4},"end":{"line":15,"column":5}},"type":"if","locations":[{"start":{"line":9,"column":4},"end":{"line":15,"column":5}},{"start":{"line":12,"column":11},"end":{"line":15,"column":5}}],"line":9},"1":{"loc":{"start":{"line":9,"column":8},"end":{"line":9,"column":49}},"type":"binary-expr","locations":[{"start":{"line":9,"column":8},"end":{"line":9,"column":20}},{"start":{"line":9,"column":24},"end":{"line":9,"column":34}},{"start":{"line":9,"column":38},"end":{"line":9,"column":49}}],"line":9}},"s":{"0":6,"1":51,"2":51,"3":11,"4":11,"5":4,"6":7,"7":11,"8":11,"9":51},"f":{"0":51,"1":11},"b":{"0":[4,7],"1":[11,11,8]},"_coverageSchema":"1a1c01bbd47fc00a2c39e90264f33305004495a9","hash":"f541d10296b29be9e584a9f11c6eb700567dde2f"}
}
