TN:
SF:src\App.jsx
FN:7,(anonymous_0)
FN:13,(anonymous_1)
FN:14,(anonymous_2)
FN:19,(anonymous_3)
FNF:4
FNH:4
FNDA:15,(anonymous_0)
FNDA:10,(anonymous_1)
FNDA:10,(anonymous_2)
FNDA:3,(anonymous_3)
DA:7,2
DA:8,15
DA:9,14
DA:10,14
DA:11,14
DA:13,14
DA:14,10
DA:15,10
DA:17,10
DA:19,3
DA:20,10
DA:21,10
DA:23,10
DA:26,14
LF:14
LH:14
BRDA:17,0,0,9
BRDA:17,0,1,1
BRF:2
BRH:2
end_of_record
TN:
SF:src\api.js
FN:6,(anonymous_0)
FN:7,(anonymous_1)
FN:15,(anonymous_2)
FN:36,(anonymous_3)
FN:51,(anonymous_4)
FN:59,(anonymous_5)
FN:77,(anonymous_6)
FNF:7
FNH:3
FNDA:9,(anonymous_0)
FNDA:27,(anonymous_1)
FNDA:10,(anonymous_2)
FNDA:0,(anonymous_3)
FNDA:0,(anonymous_4)
FNDA:0,(anonymous_5)
FNDA:0,(anonymous_6)
DA:6,1
DA:7,27
DA:8,9
DA:9,9
DA:15,1
DA:16,10
DA:17,10
DA:19,0
DA:21,0
DA:22,0
DA:23,0
DA:24,0
DA:25,0
DA:26,0
DA:27,0
DA:29,0
DA:30,0
DA:33,0
DA:36,1
DA:38,0
DA:39,0
DA:44,0
DA:46,0
DA:47,0
DA:51,1
DA:52,0
DA:55,0
DA:56,0
DA:59,1
DA:60,0
DA:61,0
DA:63,0
DA:66,0
DA:67,0
DA:69,0
DA:70,0
DA:71,0
DA:73,0
DA:77,1
DA:78,0
DA:80,0
DA:82,0
DA:83,0
DA:84,0
DA:85,0
DA:86,0
DA:87,0
DA:88,0
DA:89,0
DA:90,0
DA:92,0
DA:94,0
LF:52
LH:11
BRDA:16,0,0,10
BRDA:16,0,1,0
BRDA:17,1,0,10
BRDA:17,1,1,0
BRDA:21,2,0,0
BRDA:21,2,1,0
BRDA:26,3,0,0
BRDA:26,3,1,0
BRDA:26,4,0,0
BRDA:26,4,1,0
BRDA:38,5,0,0
BRDA:38,5,1,0
BRDA:38,6,0,0
BRDA:38,6,1,0
BRDA:66,7,0,0
BRDA:66,7,1,0
BRDA:70,8,0,0
BRDA:70,8,1,0
BRDA:80,9,0,0
BRDA:80,9,1,0
BRDA:82,10,0,0
BRDA:82,10,1,0
BRDA:82,11,0,0
BRDA:82,11,1,0
BRDA:86,12,0,0
BRDA:86,12,1,0
BRDA:92,13,0,0
BRDA:92,13,1,0
BRF:28
BRH:2
end_of_record
TN:
SF:src\mock-data.js
FNF:0
FNH:0
DA:1,3
LF:1
LH:1
BRF:0
BRH:0
end_of_record
TN:
SF:src\components\CitySearch.jsx
FN:3,(anonymous_0)
FN:8,(anonymous_1)
FN:12,(anonymous_2)
FN:20,(anonymous_3)
FN:38,(anonymous_4)
FNF:5
FNH:5
FNDA:31,(anonymous_0)
FNDA:13,(anonymous_1)
FNDA:39,(anonymous_2)
FNDA:2,(anonymous_3)
FNDA:13,(anonymous_4)
DA:3,3
DA:4,31
DA:5,31
DA:6,31
DA:8,31
DA:9,13
DA:10,13
DA:12,13
DA:13,39
DA:16,13
DA:17,13
DA:20,31
DA:21,2
DA:22,2
DA:23,2
DA:24,2
DA:27,31
DA:39,13
LF:18
LH:18
BRDA:36,0,0,31
BRDA:36,0,1,13
BRF:2
BRH:2
end_of_record
TN:
SF:src\components\Event.jsx
FN:3,(anonymous_0)
FN:6,(anonymous_1)
FNF:2
FNH:2
FNDA:25,(anonymous_0)
FNDA:4,(anonymous_1)
DA:3,3
DA:4,25
DA:6,25
DA:7,4
DA:10,25
LF:5
LH:5
BRDA:14,0,0,25
BRDA:14,0,1,3
BRDA:23,1,0,3
BRDA:23,1,1,22
BRF:4
BRH:4
end_of_record
TN:
SF:src\components\EventList.jsx
FN:4,(anonymous_0)
FN:8,(anonymous_1)
FNF:2
FNH:2
FNDA:21,(anonymous_0)
FNDA:15,(anonymous_1)
DA:4,2
DA:5,21
DA:8,15
LF:3
LH:3
BRDA:7,0,0,20
BRDA:7,0,1,1
BRF:2
BRH:2
end_of_record
TN:
SF:src\components\NumberOfEvents.jsx
FN:3,(anonymous_0)
FN:6,(anonymous_1)
FNF:2
FNH:2
FNDA:17,(anonymous_0)
FNDA:3,(anonymous_1)
DA:3,3
DA:4,17
DA:6,17
DA:7,3
DA:8,3
DA:9,3
DA:12,17
LF:7
LH:7
BRDA:7,0,0,3
BRDA:7,0,1,0
BRF:2
BRH:1
end_of_record
