TN:
SF:src\App.jsx
FN:7,(anonymous_0)
FN:13,(anonymous_1)
FN:14,(anonymous_2)
FN:19,(anonymous_3)
FNF:4
FNH:4
FNDA:43,(anonymous_0)
FNDA:22,(anonymous_1)
FNDA:22,(anonymous_2)
FNDA:20,(anonymous_3)
DA:7,5
DA:8,43
DA:9,39
DA:10,39
DA:11,39
DA:13,39
DA:14,22
DA:15,22
DA:17,22
DA:19,20
DA:20,22
DA:21,22
DA:23,22
DA:26,39
LF:14
LH:14
BRDA:17,0,0,20
BRDA:17,0,1,2
BRF:2
BRH:2
end_of_record
TN:
SF:src\api.js
FN:6,(anonymous_0)
FN:7,(anonymous_1)
FN:15,(anonymous_2)
FN:36,(anonymous_3)
FN:51,(anonymous_4)
FN:59,(anonymous_5)
FN:78,(anonymous_6)
FNF:7
FNH:6
FNDA:23,(anonymous_0)
FNDA:223,(anonymous_1)
FNDA:27,(anonymous_2)
FNDA:0,(anonymous_3)
FNDA:1,(anonymous_4)
FNDA:1,(anonymous_5)
FNDA:5,(anonymous_6)
DA:6,5
DA:7,223
DA:8,23
DA:9,23
DA:15,5
DA:16,27
DA:17,25
DA:19,2
DA:21,0
DA:22,0
DA:23,0
DA:24,0
DA:25,0
DA:26,0
DA:27,0
DA:29,0
DA:30,0
DA:33,0
DA:36,5
DA:38,0
DA:39,0
DA:44,0
DA:46,0
DA:47,0
DA:51,5
DA:52,1
DA:55,1
DA:56,1
DA:59,5
DA:60,1
DA:61,1
DA:63,1
DA:66,1
DA:67,1
DA:69,0
DA:70,0
DA:71,0
DA:73,1
DA:74,1
DA:78,5
DA:79,5
DA:81,5
DA:83,5
DA:84,4
DA:85,4
DA:86,4
DA:87,4
DA:88,3
DA:91,3
DA:92,3
DA:93,3
DA:95,1
DA:97,1
LF:53
LH:35
BRDA:16,0,0,25
BRDA:16,0,1,2
BRDA:17,1,0,25
BRDA:17,1,1,0
BRDA:21,2,0,0
BRDA:21,2,1,0
BRDA:26,3,0,0
BRDA:26,3,1,0
BRDA:26,4,0,0
BRDA:26,4,1,0
BRDA:38,5,0,0
BRDA:38,5,1,0
BRDA:38,6,0,0
BRDA:38,6,1,0
BRDA:66,7,0,1
BRDA:66,7,1,0
BRDA:70,8,0,0
BRDA:70,8,1,0
BRDA:81,9,0,5
BRDA:81,9,1,1
BRDA:83,10,0,4
BRDA:83,10,1,1
BRDA:83,11,0,5
BRDA:83,11,1,1
BRDA:87,12,0,3
BRDA:87,12,1,1
BRDA:95,13,0,1
BRDA:95,13,1,1
BRF:28
BRH:14
end_of_record
TN:
SF:src\mock-data.js
FNF:0
FNH:0
DA:1,7
LF:1
LH:1
BRF:0
BRH:0
end_of_record
TN:
SF:src\components\CitySearch.jsx
FN:3,(anonymous_0)
FN:8,(anonymous_1)
FN:12,(anonymous_2)
FN:19,(anonymous_3)
FN:27,(anonymous_4)
FN:28,(anonymous_5)
FN:44,(anonymous_6)
FNF:7
FNH:7
FNDA:81,(anonymous_0)
FNDA:28,(anonymous_1)
FNDA:252,(anonymous_2)
FNDA:5,(anonymous_3)
FNDA:4,(anonymous_4)
FNDA:40,(anonymous_5)
FNDA:27,(anonymous_6)
DA:3,6
DA:4,81
DA:5,81
DA:6,81
DA:8,81
DA:9,28
DA:10,28
DA:12,28
DA:13,252
DA:15,28
DA:16,28
DA:19,81
DA:20,5
DA:21,5
DA:22,5
DA:23,5
DA:24,5
DA:27,81
DA:28,40
DA:29,4
DA:32,81
DA:45,27
LF:22
LH:22
BRDA:21,0,0,0
BRDA:21,0,1,5
BRDA:42,1,0,81
BRDA:42,1,1,28
BRF:4
BRH:3
end_of_record
TN:
SF:src\components\Event.jsx
FN:3,(anonymous_0)
FN:6,(anonymous_1)
FNF:2
FNH:2
FNDA:169,(anonymous_0)
FNDA:4,(anonymous_1)
DA:3,6
DA:4,169
DA:6,169
DA:7,4
DA:10,169
LF:5
LH:5
BRDA:14,0,0,169
BRDA:14,0,1,3
BRDA:23,1,0,3
BRDA:23,1,1,166
BRF:4
BRH:4
end_of_record
TN:
SF:src\components\EventList.jsx
FN:4,(anonymous_0)
FN:8,(anonymous_1)
FNF:2
FNH:2
FNDA:47,(anonymous_0)
FNDA:158,(anonymous_1)
DA:4,5
DA:5,47
DA:8,158
LF:3
LH:3
BRDA:4,0,0,1
BRDA:7,1,0,22
BRDA:7,1,1,25
BRF:3
BRH:3
end_of_record
TN:
SF:src\components\NumberOfEvents.jsx
FN:3,(anonymous_0)
FN:5,(anonymous_1)
FNF:2
FNH:2
FNDA:46,(anonymous_0)
FNDA:8,(anonymous_1)
DA:3,6
DA:4,46
DA:5,46
DA:6,8
DA:7,8
DA:8,8
DA:11,46
LF:7
LH:7
BRDA:6,0,0,8
BRDA:6,0,1,3
BRF:2
BRH:2
end_of_record
